<?xml version="1.0" encoding="UTF-8"?>
<!-- Generated by org.testng.reporters.JUnitReportReporter -->
<testsuite hostname="Rajveer" failures="0" tests="4" name="com.qt.testng.Example" time="0.009" errors="0" timestamp="2022-10-19T13:28:25 BST" skipped="0">
  <testcase classname="com.qt.testng.Example" name="e" time="0.000"/>
  <system-out/>
  <testcase classname="com.qt.testng.Example" name="c" time="0.008"/>
  <system-out/>
  <testcase classname="com.qt.testng.Example" name="e" time="0.000"/>
  <system-out/>
  <testcase classname="com.qt.testng.Example" name="e" time="0.001"/>
  <system-out/>
</testsuite> <!-- com.qt.testng.Example -->
