<?xml version="1.0" encoding="UTF-8"?>
<!-- Generated by org.testng.reporters.JUnitReportReporter -->
<testsuite hostname="Rajveer" failures="0" tests="1" name="com.qt.selenium.WindowTabTest" time="5.747" errors="0" timestamp="2022-10-19T13:47:42 BST" skipped="0">
  <testcase classname="com.qt.selenium.WindowTabTest" name="test" time="5.747"/>
  <system-out/>
</testsuite> <!-- com.qt.selenium.WindowTabTest -->
